Using pre-set license
Built from '2022.3/staging' branch; Version is '2022.3.7f1 (b16b3b16c7a0) revision 11627323'; Using compiler version '192829333'; Build Type 'Release'
OS: 'Windows 11  (10.0.22621) 64bit Professional' Language: 'en' Physical Memory: 32714 MB
BatchMode: 1, IsHumanControllingUs: 0, StartBugReporterOnCrash: 0, Is64bit: 1, IsPro: 1

COMMAND LINE ARGUMENTS:
C:\Program Files\Unity\Hub\Editor\2022.3.7f1\Editor\Unity.exe
-adb2
-batchMode
-noUpm
-name
AssetImportWorker7
-projectPath
C:/LocalUnityProjects/GitHub/Ambition/Ambition
-logFile
Logs/AssetImportWorker7.log
-srvPort
57353
Successfully changed project path to: C:/LocalUnityProjects/GitHub/Ambition/Ambition
C:/LocalUnityProjects/GitHub/Ambition/Ambition
[UnityMemory] Configuration Parameters - Can be set up in boot.config
    "memorysetup-bucket-allocator-granularity=16"
    "memorysetup-bucket-allocator-bucket-count=8"
    "memorysetup-bucket-allocator-block-size=33554432"
    "memorysetup-bucket-allocator-block-count=8"
    "memorysetup-main-allocator-block-size=16777216"
    "memorysetup-thread-allocator-block-size=16777216"
    "memorysetup-gfx-main-allocator-block-size=16777216"
    "memorysetup-gfx-thread-allocator-block-size=16777216"
    "memorysetup-cache-allocator-block-size=4194304"
    "memorysetup-typetree-allocator-block-size=2097152"
    "memorysetup-profiler-bucket-allocator-granularity=16"
    "memorysetup-profiler-bucket-allocator-bucket-count=8"
    "memorysetup-profiler-bucket-allocator-block-size=33554432"
    "memorysetup-profiler-bucket-allocator-block-count=8"
    "memorysetup-profiler-allocator-block-size=16777216"
    "memorysetup-profiler-editor-allocator-block-size=1048576"
    "memorysetup-temp-allocator-size-main=16777216"
    "memorysetup-job-temp-allocator-block-size=2097152"
    "memorysetup-job-temp-allocator-block-size-background=1048576"
    "memorysetup-job-temp-allocator-reduction-small-platforms=262144"
    "memorysetup-allocator-temp-initial-block-size-main=262144"
    "memorysetup-allocator-temp-initial-block-size-worker=262144"
    "memorysetup-temp-allocator-size-background-worker=32768"
    "memorysetup-temp-allocator-size-job-worker=262144"
    "memorysetup-temp-allocator-size-preload-manager=33554432"
    "memorysetup-temp-allocator-size-nav-mesh-worker=65536"
    "memorysetup-temp-allocator-size-audio-worker=65536"
    "memorysetup-temp-allocator-size-cloud-worker=32768"
    "memorysetup-temp-allocator-size-gi-baking-worker=262144"
    "memorysetup-temp-allocator-size-gfx=262144"
Player connection [39224] Host "[IP] 192.168.0.10 [Port] 0 [Flags] 2 [Guid] 963225451 [EditorId] 963225451 [Version] 1048832 [Id] WindowsEditor(7,RoccosGamingPC) [Debug] 1 [PackageName] WindowsEditor [ProjectName] Editor" joined multi-casting on [225.0.0.222:54997]...

Player connection [39224] Host "[IP] 192.168.0.10 [Port] 0 [Flags] 2 [Guid] 963225451 [EditorId] 963225451 [Version] 1048832 [Id] WindowsEditor(7,RoccosGamingPC) [Debug] 1 [PackageName] WindowsEditor [ProjectName] Editor" joined alternative multi-casting on [225.0.0.222:34997]...

Refreshing native plugins compatible for Editor in 31.16 ms, found 4 plugins.
Preloading 0 native plugins for Editor in 0.00 ms.
Initialize engine version: 2022.3.7f1 (b16b3b16c7a0)
[Subsystems] Discovering subsystems at path C:/Program Files/Unity/Hub/Editor/2022.3.7f1/Editor/Data/Resources/UnitySubsystems
[Subsystems] Discovering subsystems at path C:/LocalUnityProjects/GitHub/Ambition/Ambition/Assets
GfxDevice: creating device client; threaded=0; jobified=0
Direct3D:
    Version:  Direct3D 11.0 [level 11.1]
    Renderer: NVIDIA GeForce RTX 3070 (ID=0x2484)
    Vendor:   NVIDIA
    VRAM:     8032 MB
    Driver:   31.0.15.2802
Initialize mono
Mono path[0] = 'C:/Program Files/Unity/Hub/Editor/2022.3.7f1/Editor/Data/Managed'
Mono path[1] = 'C:/Program Files/Unity/Hub/Editor/2022.3.7f1/Editor/Data/MonoBleedingEdge/lib/mono/unityjit-win32'
Mono config path = 'C:/Program Files/Unity/Hub/Editor/2022.3.7f1/Editor/Data/MonoBleedingEdge/etc'
Using monoOptions --debugger-agent=transport=dt_socket,embedding=1,server=y,suspend=n,address=127.0.0.1:56604
Begin MonoManager ReloadAssembly
Registering precompiled unity dll's ...
Register platform support module: C:/Program Files/Unity/Hub/Editor/2022.3.7f1/Editor/Data/PlaybackEngines/WindowsStandaloneSupport/UnityEditor.WindowsStandalone.Extensions.dll
Registered in 0.009231 seconds.
- Loaded All Assemblies, in  0.384 seconds
Native extension for WindowsStandalone target not found
Mono: successfully reloaded assembly
- Finished resetting the current domain, in  0.298 seconds
Domain Reload Profiling: 680ms
	BeginReloadAssembly (128ms)
		ExecutionOrderSort (0ms)
		DisableScriptedObjects (0ms)
		BackupInstance (0ms)
		ReleaseScriptingObjects (0ms)
		CreateAndSetChildDomain (1ms)
	RebuildCommonClasses (36ms)
	RebuildNativeTypeToScriptingClass (11ms)
	initialDomainReloadingComplete (62ms)
	LoadAllAssembliesAndSetupDomain (144ms)
		LoadAssemblies (125ms)
		RebuildTransferFunctionScriptingTraits (0ms)
		AnalyzeDomain (142ms)
			TypeCache.Refresh (140ms)
				TypeCache.ScanAssembly (127ms)
			ScanForSourceGeneratedMonoScriptInfo (0ms)
			ResolveRequiredComponents (0ms)
	FinalizeReload (299ms)
		ReleaseScriptCaches (0ms)
		RebuildScriptCaches (0ms)
		SetupLoadedEditorAssemblies (234ms)
			LogAssemblyErrors (0ms)
			InitializePlatformSupportModulesInManaged (10ms)
			SetLoadedEditorAssemblies (7ms)
			RefreshPlugins (0ms)
			BeforeProcessingInitializeOnLoad (2ms)
			ProcessInitializeOnLoadAttributes (144ms)
			ProcessInitializeOnLoadMethodAttributes (70ms)
			AfterProcessingInitializeOnLoad (0ms)
			EditorAssembliesLoaded (0ms)
		ExecutionOrderSort2 (0ms)
		AwakeInstancesAfterBackupRestoration (0ms)
========================================================================
Worker process is ready to serve import requests
Begin MonoManager ReloadAssembly
Symbol file LoadedFromMemory doesn't match image C:\LocalUnityProjects\GitHub\Ambition\Ambition\Library\PackageCache\com.unity.visualscripting@1.8.0\Editor\VisualScripting.Core\Dependencies\YamlDotNet\Unity.VisualScripting.YamlDotNet.dll
Symbol file LoadedFromMemory doesn't match image C:\LocalUnityProjects\GitHub\Ambition\Ambition\Library\PackageCache\com.unity.visualscripting@1.8.0\Editor\VisualScripting.Core\Dependencies\DotNetZip\Unity.VisualScripting.IonicZip.dll
Symbol file LoadedFromMemory is not a mono symbol file
- Loaded All Assemblies, in  0.988 seconds
Refreshing native plugins compatible for Editor in 10.50 ms, found 4 plugins.
Native extension for WindowsStandalone target not found
Mono: successfully reloaded assembly
- Finished resetting the current domain, in  1.289 seconds
Domain Reload Profiling: 2271ms
	BeginReloadAssembly (156ms)
		ExecutionOrderSort (0ms)
		DisableScriptedObjects (6ms)
		BackupInstance (0ms)
		ReleaseScriptingObjects (0ms)
		CreateAndSetChildDomain (20ms)
	RebuildCommonClasses (46ms)
	RebuildNativeTypeToScriptingClass (14ms)
	initialDomainReloadingComplete (61ms)
	LoadAllAssembliesAndSetupDomain (705ms)
		LoadAssemblies (445ms)
		RebuildTransferFunctionScriptingTraits (0ms)
		AnalyzeDomain (356ms)
			TypeCache.Refresh (299ms)
				TypeCache.ScanAssembly (271ms)
			ScanForSourceGeneratedMonoScriptInfo (39ms)
			ResolveRequiredComponents (17ms)
	FinalizeReload (1289ms)
		ReleaseScriptCaches (0ms)
		RebuildScriptCaches (0ms)
		SetupLoadedEditorAssemblies (1051ms)
			LogAssemblyErrors (0ms)
			InitializePlatformSupportModulesInManaged (8ms)
			SetLoadedEditorAssemblies (6ms)
			RefreshPlugins (0ms)
			BeforeProcessingInitializeOnLoad (117ms)
			ProcessInitializeOnLoadAttributes (826ms)
			ProcessInitializeOnLoadMethodAttributes (85ms)
			AfterProcessingInitializeOnLoad (9ms)
			EditorAssembliesLoaded (0ms)
		ExecutionOrderSort2 (0ms)
		AwakeInstancesAfterBackupRestoration (7ms)
Launched and connected shader compiler UnityShaderCompiler.exe after 0.04 seconds
Refreshing native plugins compatible for Editor in 10.48 ms, found 4 plugins.
Preloading 0 native plugins for Editor in 0.00 ms.
Unloading 6310 Unused Serialized files (Serialized files now loaded: 0)
Unloading 122 unused Assets / (0.6 MB). Loaded Objects now: 6760.
Memory consumption went from 240.8 MB to 240.2 MB.
Total: 3.896800 ms (FindLiveObjects: 0.433700 ms CreateObjectMapping: 0.376900 ms MarkObjects: 2.826800 ms  DeleteObjects: 0.258800 ms)

AssetImportParameters requested are different than current active one (requested -> active):
  custom:container-demuxer-ogg: 62fdf1f143b41e24485cea50d1cbac27 -> 
  custom:video-decoder-ogg-theora: a1e56fd34408186e4bbccfd4996cb3dc -> 
  custom:framework-win-MediaFoundation: 216162199b28c13a410421893ffa2e32 -> 
  custom:CustomObjectIndexerAttribute: a3ef5dd2817f97addfee359851a9dba5 -> 
  custom:container-demuxer-webm: 4f35f7cbe854078d1ac9338744f61a02 -> 
  custom:container-muxer-webm: aa71ff27fc2769a1b78a27578f13a17b -> 
  custom:video-decoder-webm-vp8: 9c59270c3fd7afecdb556c50c9e8de78 -> 
  custom:SearchIndexIgnoredProperties: e643bd26f0fe6173181afceb89e7c659 -> 
  custom:AudioImporter_EditorPlatform: d09bf68614088b80899f8185d706f6e7 -> 
  custom:video-encoder-webm-vp8: eb34c28f22e8b96e1ab97ce403110664 -> 
  custom:audio-decoder-ogg-vorbis: bf7c407c2cedff20999df2af8eb42d56 -> 
  custom:audio-encoder-webm-vorbis: bf7c407c2cedff20999df2af8eb42d56 -> 
========================================================================
Received Import Request.
  Time since last request: 275725.046579 seconds.
  path: Assets/CastleTiles_1.asset
  artifactKey: Guid(81457aa48c8a4e148a1ca9473610c2fe) Importer(815301076,1909f56bfc062723c751e8b465ee728b)
Start importing Assets/CastleTiles_1.asset using Guid(81457aa48c8a4e148a1ca9473610c2fe) Importer(815301076,1909f56bfc062723c751e8b465ee728b)  -> (artifact id: '4b7150895df3b22e5a2faff46a66b113') in 0.022172 seconds
Number of updated asset objects reloaded before import = 0
Number of asset objects unloaded after import = 2
========================================================================
Received Import Request.
  Time since last request: 0.000015 seconds.
  path: Assets/CastleTiles_11.asset
  artifactKey: Guid(07d241460bac58f409eb55f9a7c9851d) Importer(815301076,1909f56bfc062723c751e8b465ee728b)
Start importing Assets/CastleTiles_11.asset using Guid(07d241460bac58f409eb55f9a7c9851d) Importer(815301076,1909f56bfc062723c751e8b465ee728b)  -> (artifact id: '7bdaed308fd9ad59b129ba9006d376c0') in 0.001943 seconds
Number of updated asset objects reloaded before import = 0
Number of asset objects unloaded after import = 2
========================================================================
Received Import Request.
  Time since last request: 0.000013 seconds.
  path: Assets/CastleTiles_8.asset
  artifactKey: Guid(bc1283df13c55a041948692fa96a2d44) Importer(815301076,1909f56bfc062723c751e8b465ee728b)
Start importing Assets/CastleTiles_8.asset using Guid(bc1283df13c55a041948692fa96a2d44) Importer(815301076,1909f56bfc062723c751e8b465ee728b)  -> (artifact id: 'e58a911d3fa911293417c37585882b2a') in 0.001923 seconds
Number of updated asset objects reloaded before import = 0
Number of asset objects unloaded after import = 2
========================================================================
Received Import Request.
  Time since last request: 0.000021 seconds.
  path: Assets/CastleTiles_36.asset
  artifactKey: Guid(b5c62d142ae268146b46f67379c49da5) Importer(815301076,1909f56bfc062723c751e8b465ee728b)
Start importing Assets/CastleTiles_36.asset using Guid(b5c62d142ae268146b46f67379c49da5) Importer(815301076,1909f56bfc062723c751e8b465ee728b)  -> (artifact id: '1f7f8d83e18ac5feed4af7de41c215c4') in 0.001301 seconds
Number of updated asset objects reloaded before import = 0
Number of asset objects unloaded after import = 2
========================================================================
Received Import Request.
  Time since last request: 0.000011 seconds.
  path: Assets/CastleTiles_19.asset
  artifactKey: Guid(6ff225b16cbb8f44793362c50fe16dab) Importer(815301076,1909f56bfc062723c751e8b465ee728b)
Start importing Assets/CastleTiles_19.asset using Guid(6ff225b16cbb8f44793362c50fe16dab) Importer(815301076,1909f56bfc062723c751e8b465ee728b)  -> (artifact id: 'fc58fc06a2a7ede0c883848741276b15') in 0.001492 seconds
Number of updated asset objects reloaded before import = 0
Number of asset objects unloaded after import = 2
========================================================================
Received Import Request.
  Time since last request: 0.000011 seconds.
  path: Assets/CastleTiles_34.asset
  artifactKey: Guid(4d7cd2de8e998824cb93f4ae3c7e11e8) Importer(815301076,1909f56bfc062723c751e8b465ee728b)
Start importing Assets/CastleTiles_34.asset using Guid(4d7cd2de8e998824cb93f4ae3c7e11e8) Importer(815301076,1909f56bfc062723c751e8b465ee728b)  -> (artifact id: 'ba3c2e23019bc661e0ea2a9087e538eb') in 0.001522 seconds
Number of updated asset objects reloaded before import = 0
Number of asset objects unloaded after import = 2
========================================================================
Received Import Request.
  Time since last request: 0.000025 seconds.
  path: Assets/CastleTiles_2.asset
  artifactKey: Guid(a744726d9f7b27140aaa5d696e0dcac5) Importer(815301076,1909f56bfc062723c751e8b465ee728b)
Start importing Assets/CastleTiles_2.asset using Guid(a744726d9f7b27140aaa5d696e0dcac5) Importer(815301076,1909f56bfc062723c751e8b465ee728b)  -> (artifact id: '7a8c29d471b5dedef732752b2d3c7ce0') in 0.001525 seconds
Number of updated asset objects reloaded before import = 0
Number of asset objects unloaded after import = 2
========================================================================
Received Import Request.
  Time since last request: 0.000017 seconds.
  path: Assets/CastleTiles_21.asset
  artifactKey: Guid(1c3f5f758b69e284499ed7b58603f7a6) Importer(815301076,1909f56bfc062723c751e8b465ee728b)
Start importing Assets/CastleTiles_21.asset using Guid(1c3f5f758b69e284499ed7b58603f7a6) Importer(815301076,1909f56bfc062723c751e8b465ee728b)  -> (artifact id: '2432d17644fab72c8d170c59dcc59740') in 0.001742 seconds
Number of updated asset objects reloaded before import = 0
Number of asset objects unloaded after import = 2
========================================================================
Received Import Request.
  Time since last request: 0.000013 seconds.
  path: Assets/CastleTiles_30.asset
  artifactKey: Guid(4176cb4b597bd754db1b227daeee3663) Importer(815301076,1909f56bfc062723c751e8b465ee728b)
Start importing Assets/CastleTiles_30.asset using Guid(4176cb4b597bd754db1b227daeee3663) Importer(815301076,1909f56bfc062723c751e8b465ee728b)  -> (artifact id: '8e8b66cad3d6cf7397058e4883d3f66b') in 0.001300 seconds
Number of updated asset objects reloaded before import = 0
Number of asset objects unloaded after import = 2
========================================================================
Received Import Request.
  Time since last request: 0.000018 seconds.
  path: Assets/CastleTiles_23.asset
  artifactKey: Guid(3cdfb3faccfad644491134fe083d2026) Importer(815301076,1909f56bfc062723c751e8b465ee728b)
Start importing Assets/CastleTiles_23.asset using Guid(3cdfb3faccfad644491134fe083d2026) Importer(815301076,1909f56bfc062723c751e8b465ee728b)  -> (artifact id: '95a6b52543aa2ef297d96a630ef73775') in 0.001876 seconds
Number of updated asset objects reloaded before import = 0
Number of asset objects unloaded after import = 2
========================================================================
Received Import Request.
  Time since last request: 0.000012 seconds.
  path: Assets/CastleTiles_26.asset
  artifactKey: Guid(086b4b6f2e0f1ca4ca386fc63f343f54) Importer(815301076,1909f56bfc062723c751e8b465ee728b)
Start importing Assets/CastleTiles_26.asset using Guid(086b4b6f2e0f1ca4ca386fc63f343f54) Importer(815301076,1909f56bfc062723c751e8b465ee728b)  -> (artifact id: '29104572681003992ead4240522610de') in 0.001852 seconds
Number of updated asset objects reloaded before import = 0
Number of asset objects unloaded after import = 2
========================================================================
Received Import Request.
  Time since last request: 0.000013 seconds.
  path: Assets/CastleTiles_35.asset
  artifactKey: Guid(811c67982f25dd14699e9f88e2fc8aa0) Importer(815301076,1909f56bfc062723c751e8b465ee728b)
Start importing Assets/CastleTiles_35.asset using Guid(811c67982f25dd14699e9f88e2fc8aa0) Importer(815301076,1909f56bfc062723c751e8b465ee728b)  -> (artifact id: '2f4d921455b8743427753388a616e104') in 0.001522 seconds
Number of updated asset objects reloaded before import = 0
Number of asset objects unloaded after import = 2
========================================================================
Received Import Request.
  Time since last request: 0.000012 seconds.
  path: Assets/CastleTiles_6.asset
  artifactKey: Guid(f369094d2ac5dc94ca9c238b11cc3d9f) Importer(815301076,1909f56bfc062723c751e8b465ee728b)
Start importing Assets/CastleTiles_6.asset using Guid(f369094d2ac5dc94ca9c238b11cc3d9f) Importer(815301076,1909f56bfc062723c751e8b465ee728b)  -> (artifact id: 'cd3b786bc08135028acf4d214baebe61') in 0.001474 seconds
Number of updated asset objects reloaded before import = 0
Number of asset objects unloaded after import = 2
========================================================================
Received Import Request.
  Time since last request: 0.000012 seconds.
  path: Assets/CastleTiles_22.asset
  artifactKey: Guid(0ad9c159f4964d74088f38c8ce6e9107) Importer(815301076,1909f56bfc062723c751e8b465ee728b)
Start importing Assets/CastleTiles_22.asset using Guid(0ad9c159f4964d74088f38c8ce6e9107) Importer(815301076,1909f56bfc062723c751e8b465ee728b)  -> (artifact id: 'dcab3b77a49f015830a13a6fdd7fd4fd') in 0.001342 seconds
Number of updated asset objects reloaded before import = 0
Number of asset objects unloaded after import = 2
========================================================================
Received Import Request.
  Time since last request: 0.000013 seconds.
  path: Assets/CastleTiles_28.asset
  artifactKey: Guid(2fb92697c29fdf34ba3636f2b0422143) Importer(815301076,1909f56bfc062723c751e8b465ee728b)
Start importing Assets/CastleTiles_28.asset using Guid(2fb92697c29fdf34ba3636f2b0422143) Importer(815301076,1909f56bfc062723c751e8b465ee728b)  -> (artifact id: 'ebcfd6cc2cb1c7f45713326975c0075b') in 0.001718 seconds
Number of updated asset objects reloaded before import = 0
Number of asset objects unloaded after import = 2
========================================================================
Received Import Request.
  Time since last request: 0.000028 seconds.
  path: Assets/CastleTiles_3.asset
  artifactKey: Guid(df91c29d2a0d5ae4594e6da317da0783) Importer(815301076,1909f56bfc062723c751e8b465ee728b)
Start importing Assets/CastleTiles_3.asset using Guid(df91c29d2a0d5ae4594e6da317da0783) Importer(815301076,1909f56bfc062723c751e8b465ee728b)  -> (artifact id: '0354dd73430cf2b6c830fa959f099c3f') in 0.001596 seconds
Number of updated asset objects reloaded before import = 0
Number of asset objects unloaded after import = 2
========================================================================
Received Import Request.
  Time since last request: 0.000013 seconds.
  path: Assets/CastleTiles_9.asset
  artifactKey: Guid(80fdb4b522503b14497cbaece29a3ca0) Importer(815301076,1909f56bfc062723c751e8b465ee728b)
Start importing Assets/CastleTiles_9.asset using Guid(80fdb4b522503b14497cbaece29a3ca0) Importer(815301076,1909f56bfc062723c751e8b465ee728b)  -> (artifact id: 'd6464c1bfc70848e87b23c5b820a6d44') in 0.001554 seconds
Number of updated asset objects reloaded before import = 0
Number of asset objects unloaded after import = 2
========================================================================
Received Import Request.
  Time since last request: 0.000016 seconds.
  path: Assets/CastleTiles_12.asset
  artifactKey: Guid(c7b748aef9eaa1f4f965e1fc5220328b) Importer(815301076,1909f56bfc062723c751e8b465ee728b)
Start importing Assets/CastleTiles_12.asset using Guid(c7b748aef9eaa1f4f965e1fc5220328b) Importer(815301076,1909f56bfc062723c751e8b465ee728b)  -> (artifact id: 'b57f90e7d2743103fc1a8fff1d252bf7') in 0.001717 seconds
Number of updated asset objects reloaded before import = 0
Number of asset objects unloaded after import = 2
Editor requested this worker to shutdown with reason: Scaling down because of idle timeout
TcpMessagingSession - receive error: operation aborted. errorcode: 995, details: The I/O operation has been aborted because of either a thread exit or an application request.
AssetImportWorker is now disconnected from the server
Process exiting
Exiting without the bug reporter. Application will terminate with return code 0