Using pre-set license
Built from '2022.3/staging' branch; Version is '2022.3.7f1 (b16b3b16c7a0) revision 11627323'; Using compiler version '192829333'; Build Type 'Release'
OS: 'Windows 11  (10.0.22621) 64bit Professional' Language: 'en' Physical Memory: 32714 MB
BatchMode: 1, IsHumanControllingUs: 0, StartBugReporterOnCrash: 0, Is64bit: 1, IsPro: 1

COMMAND LINE ARGUMENTS:
C:\Program Files\Unity\Hub\Editor\2022.3.7f1\Editor\Unity.exe
-adb2
-batchMode
-noUpm
-name
AssetImportWorker0
-projectPath
C:/LocalUnityProjects/GitHub/Ambition/Ambition
-logFile
Logs/AssetImportWorker0.log
-srvPort
57353
Successfully changed project path to: C:/LocalUnityProjects/GitHub/Ambition/Ambition
C:/LocalUnityProjects/GitHub/Ambition/Ambition
[UnityMemory] Configuration Parameters - Can be set up in boot.config
    "memorysetup-bucket-allocator-granularity=16"
    "memorysetup-bucket-allocator-bucket-count=8"
    "memorysetup-bucket-allocator-block-size=33554432"
    "memorysetup-bucket-allocator-block-count=8"
    "memorysetup-main-allocator-block-size=16777216"
    "memorysetup-thread-allocator-block-size=16777216"
    "memorysetup-gfx-main-allocator-block-size=16777216"
    "memorysetup-gfx-thread-allocator-block-size=16777216"
    "memorysetup-cache-allocator-block-size=4194304"
    "memorysetup-typetree-allocator-block-size=2097152"
    "memorysetup-profiler-bucket-allocator-granularity=16"
    "memorysetup-profiler-bucket-allocator-bucket-count=8"
    "memorysetup-profiler-bucket-allocator-block-size=33554432"
    "memorysetup-profiler-bucket-allocator-block-count=8"
    "memorysetup-profiler-allocator-block-size=16777216"
    "memorysetup-profiler-editor-allocator-block-size=1048576"
    "memorysetup-temp-allocator-size-main=16777216"
    "memorysetup-job-temp-allocator-block-size=2097152"
    "memorysetup-job-temp-allocator-block-size-background=1048576"
    "memorysetup-job-temp-allocator-reduction-small-platforms=262144"
    "memorysetup-allocator-temp-initial-block-size-main=262144"
    "memorysetup-allocator-temp-initial-block-size-worker=262144"
    "memorysetup-temp-allocator-size-background-worker=32768"
    "memorysetup-temp-allocator-size-job-worker=262144"
    "memorysetup-temp-allocator-size-preload-manager=33554432"
    "memorysetup-temp-allocator-size-nav-mesh-worker=65536"
    "memorysetup-temp-allocator-size-audio-worker=65536"
    "memorysetup-temp-allocator-size-cloud-worker=32768"
    "memorysetup-temp-allocator-size-gi-baking-worker=262144"
    "memorysetup-temp-allocator-size-gfx=262144"
Player connection [19236] Host "[IP] 192.168.0.10 [Port] 0 [Flags] 2 [Guid] 2651354634 [EditorId] 2651354634 [Version] 1048832 [Id] WindowsEditor(7,RoccosGamingPC) [Debug] 1 [PackageName] WindowsEditor [ProjectName] Editor" joined multi-casting on [225.0.0.222:54997]...

Player connection [19236] Host "[IP] 192.168.0.10 [Port] 0 [Flags] 2 [Guid] 2651354634 [EditorId] 2651354634 [Version] 1048832 [Id] WindowsEditor(7,RoccosGamingPC) [Debug] 1 [PackageName] WindowsEditor [ProjectName] Editor" joined alternative multi-casting on [225.0.0.222:34997]...

Refreshing native plugins compatible for Editor in 33.09 ms, found 4 plugins.
Preloading 0 native plugins for Editor in 0.00 ms.
Initialize engine version: 2022.3.7f1 (b16b3b16c7a0)
[Subsystems] Discovering subsystems at path C:/Program Files/Unity/Hub/Editor/2022.3.7f1/Editor/Data/Resources/UnitySubsystems
[Subsystems] Discovering subsystems at path C:/LocalUnityProjects/GitHub/Ambition/Ambition/Assets
GfxDevice: creating device client; threaded=0; jobified=0
Direct3D:
    Version:  Direct3D 11.0 [level 11.1]
    Renderer: NVIDIA GeForce RTX 3070 (ID=0x2484)
    Vendor:   NVIDIA
    VRAM:     8032 MB
    Driver:   31.0.15.2802
Initialize mono
Mono path[0] = 'C:/Program Files/Unity/Hub/Editor/2022.3.7f1/Editor/Data/Managed'
Mono path[1] = 'C:/Program Files/Unity/Hub/Editor/2022.3.7f1/Editor/Data/MonoBleedingEdge/lib/mono/unityjit-win32'
Mono config path = 'C:/Program Files/Unity/Hub/Editor/2022.3.7f1/Editor/Data/MonoBleedingEdge/etc'
Using monoOptions --debugger-agent=transport=dt_socket,embedding=1,server=y,suspend=n,address=127.0.0.1:56316
Begin MonoManager ReloadAssembly
Registering precompiled unity dll's ...
Register platform support module: C:/Program Files/Unity/Hub/Editor/2022.3.7f1/Editor/Data/PlaybackEngines/WindowsStandaloneSupport/UnityEditor.WindowsStandalone.Extensions.dll
Registered in 0.009973 seconds.
- Loaded All Assemblies, in  0.422 seconds
Native extension for WindowsStandalone target not found
Mono: successfully reloaded assembly
- Finished resetting the current domain, in  0.230 seconds
Domain Reload Profiling: 649ms
	BeginReloadAssembly (145ms)
		ExecutionOrderSort (0ms)
		DisableScriptedObjects (0ms)
		BackupInstance (0ms)
		ReleaseScriptingObjects (0ms)
		CreateAndSetChildDomain (1ms)
	RebuildCommonClasses (42ms)
	RebuildNativeTypeToScriptingClass (12ms)
	initialDomainReloadingComplete (69ms)
	LoadAllAssembliesAndSetupDomain (152ms)
		LoadAssemblies (142ms)
		RebuildTransferFunctionScriptingTraits (0ms)
		AnalyzeDomain (150ms)
			TypeCache.Refresh (148ms)
				TypeCache.ScanAssembly (134ms)
			ScanForSourceGeneratedMonoScriptInfo (0ms)
			ResolveRequiredComponents (0ms)
	FinalizeReload (230ms)
		ReleaseScriptCaches (0ms)
		RebuildScriptCaches (0ms)
		SetupLoadedEditorAssemblies (176ms)
			LogAssemblyErrors (0ms)
			InitializePlatformSupportModulesInManaged (8ms)
			SetLoadedEditorAssemblies (6ms)
			RefreshPlugins (0ms)
			BeforeProcessingInitializeOnLoad (2ms)
			ProcessInitializeOnLoadAttributes (116ms)
			ProcessInitializeOnLoadMethodAttributes (44ms)
			AfterProcessingInitializeOnLoad (0ms)
			EditorAssembliesLoaded (0ms)
		ExecutionOrderSort2 (0ms)
		AwakeInstancesAfterBackupRestoration (0ms)
========================================================================
Worker process is ready to serve import requests
Begin MonoManager ReloadAssembly
Symbol file LoadedFromMemory doesn't match image C:\LocalUnityProjects\GitHub\Ambition\Ambition\Library\PackageCache\com.unity.visualscripting@1.8.0\Editor\VisualScripting.Core\Dependencies\YamlDotNet\Unity.VisualScripting.YamlDotNet.dll
Symbol file LoadedFromMemory doesn't match image C:\LocalUnityProjects\GitHub\Ambition\Ambition\Library\PackageCache\com.unity.visualscripting@1.8.0\Editor\VisualScripting.Core\Dependencies\DotNetZip\Unity.VisualScripting.IonicZip.dll
Symbol file LoadedFromMemory is not a mono symbol file
- Loaded All Assemblies, in  0.969 seconds
Refreshing native plugins compatible for Editor in 10.59 ms, found 4 plugins.
Native extension for WindowsStandalone target not found
Mono: successfully reloaded assembly
- Finished resetting the current domain, in  1.398 seconds
Domain Reload Profiling: 2360ms
	BeginReloadAssembly (169ms)
		ExecutionOrderSort (0ms)
		DisableScriptedObjects (5ms)
		BackupInstance (0ms)
		ReleaseScriptingObjects (0ms)
		CreateAndSetChildDomain (22ms)
	RebuildCommonClasses (35ms)
	RebuildNativeTypeToScriptingClass (11ms)
	initialDomainReloadingComplete (54ms)
	LoadAllAssembliesAndSetupDomain (693ms)
		LoadAssemblies (461ms)
		RebuildTransferFunctionScriptingTraits (0ms)
		AnalyzeDomain (336ms)
			TypeCache.Refresh (278ms)
				TypeCache.ScanAssembly (247ms)
			ScanForSourceGeneratedMonoScriptInfo (41ms)
			ResolveRequiredComponents (15ms)
	FinalizeReload (1398ms)
		ReleaseScriptCaches (0ms)
		RebuildScriptCaches (0ms)
		SetupLoadedEditorAssemblies (1155ms)
			LogAssemblyErrors (0ms)
			InitializePlatformSupportModulesInManaged (6ms)
			SetLoadedEditorAssemblies (6ms)
			RefreshPlugins (0ms)
			BeforeProcessingInitializeOnLoad (110ms)
			ProcessInitializeOnLoadAttributes (952ms)
			ProcessInitializeOnLoadMethodAttributes (74ms)
			AfterProcessingInitializeOnLoad (7ms)
			EditorAssembliesLoaded (0ms)
		ExecutionOrderSort2 (0ms)
		AwakeInstancesAfterBackupRestoration (6ms)
Launched and connected shader compiler UnityShaderCompiler.exe after 0.07 seconds
Refreshing native plugins compatible for Editor in 10.09 ms, found 4 plugins.
Preloading 0 native plugins for Editor in 0.00 ms.
Unloading 6310 Unused Serialized files (Serialized files now loaded: 0)
Unloading 122 unused Assets / (0.6 MB). Loaded Objects now: 6760.
Memory consumption went from 240.7 MB to 240.1 MB.
Total: 5.215600 ms (FindLiveObjects: 0.464300 ms CreateObjectMapping: 0.817000 ms MarkObjects: 3.546600 ms  DeleteObjects: 0.386900 ms)

AssetImportParameters requested are different than current active one (requested -> active):
  custom:container-demuxer-ogg: 62fdf1f143b41e24485cea50d1cbac27 -> 
  custom:video-decoder-ogg-theora: a1e56fd34408186e4bbccfd4996cb3dc -> 
  custom:framework-win-MediaFoundation: 216162199b28c13a410421893ffa2e32 -> 
  custom:CustomObjectIndexerAttribute: a3ef5dd2817f97addfee359851a9dba5 -> 
  custom:container-demuxer-webm: 4f35f7cbe854078d1ac9338744f61a02 -> 
  custom:container-muxer-webm: aa71ff27fc2769a1b78a27578f13a17b -> 
  custom:video-decoder-webm-vp8: 9c59270c3fd7afecdb556c50c9e8de78 -> 
  custom:SearchIndexIgnoredProperties: e643bd26f0fe6173181afceb89e7c659 -> 
  custom:AudioImporter_EditorPlatform: d09bf68614088b80899f8185d706f6e7 -> 
  custom:video-encoder-webm-vp8: eb34c28f22e8b96e1ab97ce403110664 -> 
  custom:audio-decoder-ogg-vorbis: bf7c407c2cedff20999df2af8eb42d56 -> 
  custom:audio-encoder-webm-vorbis: bf7c407c2cedff20999df2af8eb42d56 -> 
========================================================================
Received Import Request.
  Time since last request: 263117.622557 seconds.
  path: Assets/Train Tracks.prefab
  artifactKey: Guid(6d6412aaac3a0844b8d94983f2efc9ed) Importer(815301076,1909f56bfc062723c751e8b465ee728b)
Start importing Assets/Train Tracks.prefab using Guid(6d6412aaac3a0844b8d94983f2efc9ed) Importer(815301076,1909f56bfc062723c751e8b465ee728b)  -> (artifact id: 'ff2ea467ea67c2cedbdc366687e45a13') in 0.019481 seconds
Number of updated asset objects reloaded before import = 0
Number of asset objects unloaded after import = 9
========================================================================
Received Import Request.
  Time since last request: 24.136736 seconds.
  path: Assets/Extensions/Photon/PhotonUnityNetworking/Demos/DemoSlotRacer/Kenney Assets/Racing Kit/Models/roadStraight.fbx
  artifactKey: Guid(ca7c80957e4a0044c8068142334ca1b3) Importer(815301076,1909f56bfc062723c751e8b465ee728b)
Start importing Assets/Extensions/Photon/PhotonUnityNetworking/Demos/DemoSlotRacer/Kenney Assets/Racing Kit/Models/roadStraight.fbx using Guid(ca7c80957e4a0044c8068142334ca1b3) Importer(815301076,1909f56bfc062723c751e8b465ee728b)  -> (artifact id: '2d994f5af9515fb93413e821b3266d80') in 0.006024 seconds
Number of updated asset objects reloaded before import = 0
Number of asset objects unloaded after import = 6
========================================================================
Received Import Request.
  Time since last request: 23.893881 seconds.
  path: Assets/Extensions/Photon/PhotonUnityNetworking/Demos/PunBasics-Tutorial/Prefabs/Demo Intro UI.prefab
  artifactKey: Guid(f773d1fa10a4f4e0d88490eab5d5b46d) Importer(815301076,1909f56bfc062723c751e8b465ee728b)
Start importing Assets/Extensions/Photon/PhotonUnityNetworking/Demos/PunBasics-Tutorial/Prefabs/Demo Intro UI.prefab using Guid(f773d1fa10a4f4e0d88490eab5d5b46d) Importer(815301076,1909f56bfc062723c751e8b465ee728b)  -> (artifact id: '38f1d6b3001fcfd5e6271c50c911fe8f') in 0.011370 seconds
Number of updated asset objects reloaded before import = 0
Number of asset objects unloaded after import = 20
========================================================================
Received Import Request.
  Time since last request: 0.000375 seconds.
  path: Assets/Extensions/Photon/PhotonUnityNetworking/Demos/DemoAsteroids/Prefabs/RoomListEntry.prefab
  artifactKey: Guid(03c5e15309335324fba99d68e38cb08b) Importer(815301076,1909f56bfc062723c751e8b465ee728b)
Start importing Assets/Extensions/Photon/PhotonUnityNetworking/Demos/DemoAsteroids/Prefabs/RoomListEntry.prefab using Guid(03c5e15309335324fba99d68e38cb08b) Importer(815301076,1909f56bfc062723c751e8b465ee728b)  -> (artifact id: '342d95dc33d7ed56bb96b54c0cfae7de') in 0.007280 seconds
Number of updated asset objects reloaded before import = 0
Number of asset objects unloaded after import = 32
========================================================================
Received Import Request.
  Time since last request: 0.000022 seconds.
  path: Assets/Extensions/Photon/PhotonUnityNetworking/Demos/DemoAsteroids/Prefabs/PlayerOverviewEntry.prefab
  artifactKey: Guid(f03d1c686a26a1d4da99a4186b0bb1ab) Importer(815301076,1909f56bfc062723c751e8b465ee728b)
Start importing Assets/Extensions/Photon/PhotonUnityNetworking/Demos/DemoAsteroids/Prefabs/PlayerOverviewEntry.prefab using Guid(f03d1c686a26a1d4da99a4186b0bb1ab) Importer(815301076,1909f56bfc062723c751e8b465ee728b)  -> (artifact id: 'f96ab2408c01f30de655bc3aa1adba2a') in 0.002311 seconds
Number of updated asset objects reloaded before import = 0
Number of asset objects unloaded after import = 7
========================================================================
Received Import Request.
  Time since last request: 0.000022 seconds.
  path: Assets/Extensions/AstarPathfindingProject/ExampleScenes/Prefabs/TargetReachedEffect.prefab
  artifactKey: Guid(441e67a4721e749f0bca9581956f2729) Importer(815301076,1909f56bfc062723c751e8b465ee728b)
Start importing Assets/Extensions/AstarPathfindingProject/ExampleScenes/Prefabs/TargetReachedEffect.prefab using Guid(441e67a4721e749f0bca9581956f2729) Importer(815301076,1909f56bfc062723c751e8b465ee728b)  -> (artifact id: 'dd11e78745902379874910b6654fdbd9') in 0.001293 seconds
Number of updated asset objects reloaded before import = 0
Number of asset objects unloaded after import = 3
========================================================================
Received Import Request.
  Time since last request: 1.099690 seconds.
  path: Assets/Extensions/Photon/PhotonUnityNetworking/Demos/DemoSlotRacer/Kenney Assets/Racing Kit/Models/rail.fbx
  artifactKey: Guid(c0c42e3ceebd42943ade3b7414c47afd) Importer(815301076,1909f56bfc062723c751e8b465ee728b)
Start importing Assets/Extensions/Photon/PhotonUnityNetworking/Demos/DemoSlotRacer/Kenney Assets/Racing Kit/Models/rail.fbx using Guid(c0c42e3ceebd42943ade3b7414c47afd) Importer(815301076,1909f56bfc062723c751e8b465ee728b)  -> (artifact id: '059b7fa8bbaff5ebfa49c7e3fb518499') in 0.001528 seconds
Number of updated asset objects reloaded before import = 0
Number of asset objects unloaded after import = 6
========================================================================
Received Import Request.
  Time since last request: 64.387536 seconds.
  path: Assets/RailwayTiles_1.asset
  artifactKey: Guid(e9555948b81600e4a985fd2037e2b861) Importer(815301076,1909f56bfc062723c751e8b465ee728b)
Start importing Assets/RailwayTiles_1.asset using Guid(e9555948b81600e4a985fd2037e2b861) Importer(815301076,1909f56bfc062723c751e8b465ee728b)  -> (artifact id: '39eab2e3811d1574ca5d0bf4fae0c21c') in 0.003243 seconds
Number of updated asset objects reloaded before import = 0
Number of asset objects unloaded after import = 2
========================================================================
Received Import Request.
  Time since last request: 0.009571 seconds.
  path: Assets/RailwayTiles_4.asset
  artifactKey: Guid(7402b1b3823a1cb439a361644f5c8fc5) Importer(815301076,1909f56bfc062723c751e8b465ee728b)
Start importing Assets/RailwayTiles_4.asset using Guid(7402b1b3823a1cb439a361644f5c8fc5) Importer(815301076,1909f56bfc062723c751e8b465ee728b)  -> (artifact id: '7c4d0ffb6193cf840092d42299457b65') in 0.002317 seconds
Number of updated asset objects reloaded before import = 0
Number of asset objects unloaded after import = 2
========================================================================
Received Import Request.
  Time since last request: 0.000013 seconds.
  path: Assets/RailwayTiles_25.asset
  artifactKey: Guid(0a6dd319a93bdce48b12df380f9f6a2f) Importer(815301076,1909f56bfc062723c751e8b465ee728b)
Start importing Assets/RailwayTiles_25.asset using Guid(0a6dd319a93bdce48b12df380f9f6a2f) Importer(815301076,1909f56bfc062723c751e8b465ee728b)  -> (artifact id: '1dafb796be7672396661927193096f4a') in 0.002178 seconds
Number of updated asset objects reloaded before import = 0
Number of asset objects unloaded after import = 2
========================================================================
Received Import Request.
  Time since last request: 0.000019 seconds.
  path: Assets/RailwayTiles_33.asset
  artifactKey: Guid(6928fc286c52765408686dd8c2f85cf5) Importer(815301076,1909f56bfc062723c751e8b465ee728b)
Start importing Assets/RailwayTiles_33.asset using Guid(6928fc286c52765408686dd8c2f85cf5) Importer(815301076,1909f56bfc062723c751e8b465ee728b)  -> (artifact id: '37c064b31b410b76d6f49783b520dc57') in 0.001820 seconds
Number of updated asset objects reloaded before import = 0
Number of asset objects unloaded after import = 2
========================================================================
Received Import Request.
  Time since last request: 0.000025 seconds.
  path: Assets/RailwayTiles_32.asset
  artifactKey: Guid(5be2b479560644642989c128fbbdad68) Importer(815301076,1909f56bfc062723c751e8b465ee728b)
Start importing Assets/RailwayTiles_32.asset using Guid(5be2b479560644642989c128fbbdad68) Importer(815301076,1909f56bfc062723c751e8b465ee728b)  -> (artifact id: '51261894eb41ac7a063600e4934aba06') in 0.001930 seconds
Number of updated asset objects reloaded before import = 0
Number of asset objects unloaded after import = 2
========================================================================
Received Import Request.
  Time since last request: 0.000015 seconds.
  path: Assets/RailwayTiles_20.asset
  artifactKey: Guid(31f15f0d37db8644b922f4b5b71f7292) Importer(815301076,1909f56bfc062723c751e8b465ee728b)
Start importing Assets/RailwayTiles_20.asset using Guid(31f15f0d37db8644b922f4b5b71f7292) Importer(815301076,1909f56bfc062723c751e8b465ee728b)  -> (artifact id: '99cf1ff93feee17711dd0e4ee5920a4b') in 0.001513 seconds
Number of updated asset objects reloaded before import = 0
Number of asset objects unloaded after import = 2
========================================================================
Received Import Request.
  Time since last request: 0.000014 seconds.
  path: Assets/RailwayTiles_6.asset
  artifactKey: Guid(75bd4051ed292b1499c1287a12786f5d) Importer(815301076,1909f56bfc062723c751e8b465ee728b)
Start importing Assets/RailwayTiles_6.asset using Guid(75bd4051ed292b1499c1287a12786f5d) Importer(815301076,1909f56bfc062723c751e8b465ee728b)  -> (artifact id: '2baac924bf787bf183abb110dcd827dc') in 0.001514 seconds
Number of updated asset objects reloaded before import = 0
Number of asset objects unloaded after import = 2
========================================================================
Received Import Request.
  Time since last request: 0.000013 seconds.
  path: Assets/RailwayTiles_24.asset
  artifactKey: Guid(a3db0ab0afcf4f3408fb2f0058399be2) Importer(815301076,1909f56bfc062723c751e8b465ee728b)
Start importing Assets/RailwayTiles_24.asset using Guid(a3db0ab0afcf4f3408fb2f0058399be2) Importer(815301076,1909f56bfc062723c751e8b465ee728b)  -> (artifact id: '5c9c0e82ab80e58933d06a680fa1d2fd') in 0.001399 seconds
Number of updated asset objects reloaded before import = 0
Number of asset objects unloaded after import = 2
========================================================================
Received Import Request.
  Time since last request: 0.000011 seconds.
  path: Assets/RailwayTiles_23.asset
  artifactKey: Guid(3655a125a80eb9f4aa426d7b2c1a169d) Importer(815301076,1909f56bfc062723c751e8b465ee728b)
Start importing Assets/RailwayTiles_23.asset using Guid(3655a125a80eb9f4aa426d7b2c1a169d) Importer(815301076,1909f56bfc062723c751e8b465ee728b)  -> (artifact id: '7f9f2b585433689e235a5208ad800f43') in 0.001519 seconds
Number of updated asset objects reloaded before import = 0
Number of asset objects unloaded after import = 2
========================================================================
Received Import Request.
  Time since last request: 0.000019 seconds.
  path: Assets/RailwayTiles_8.asset
  artifactKey: Guid(51321d05a8d8da64e8240d6266c8d5c8) Importer(815301076,1909f56bfc062723c751e8b465ee728b)
Start importing Assets/RailwayTiles_8.asset using Guid(51321d05a8d8da64e8240d6266c8d5c8) Importer(815301076,1909f56bfc062723c751e8b465ee728b)  -> (artifact id: '65a1c6bfa7d2e5f0de2aacf1f86b5187') in 0.001621 seconds
Number of updated asset objects reloaded before import = 0
Number of asset objects unloaded after import = 2
========================================================================
Received Import Request.
  Time since last request: 0.000016 seconds.
  path: Assets/RailwayTiles_27.asset
  artifactKey: Guid(2d352f49e7fa99743a8b8e675e4b816a) Importer(815301076,1909f56bfc062723c751e8b465ee728b)
Start importing Assets/RailwayTiles_27.asset using Guid(2d352f49e7fa99743a8b8e675e4b816a) Importer(815301076,1909f56bfc062723c751e8b465ee728b)  -> (artifact id: 'd9b041544e0c32ec73e59df7bd612c95') in 0.001310 seconds
Number of updated asset objects reloaded before import = 0
Number of asset objects unloaded after import = 2
========================================================================
Received Import Request.
  Time since last request: 0.000012 seconds.
  path: Assets/RailwayTiles_18.asset
  artifactKey: Guid(0cef10b9095a3c04a9bea3564152df5b) Importer(815301076,1909f56bfc062723c751e8b465ee728b)
Start importing Assets/RailwayTiles_18.asset using Guid(0cef10b9095a3c04a9bea3564152df5b) Importer(815301076,1909f56bfc062723c751e8b465ee728b)  -> (artifact id: 'e799566493a7a3a430e902c928e73a52') in 0.001425 seconds
Number of updated asset objects reloaded before import = 0
Number of asset objects unloaded after import = 2
========================================================================
Received Import Request.
  Time since last request: 0.000013 seconds.
  path: Assets/RailwayTiles_34.asset
  artifactKey: Guid(8e29dbea7416eee4f8f7e6f408182571) Importer(815301076,1909f56bfc062723c751e8b465ee728b)
Start importing Assets/RailwayTiles_34.asset using Guid(8e29dbea7416eee4f8f7e6f408182571) Importer(815301076,1909f56bfc062723c751e8b465ee728b)  -> (artifact id: 'a19e8daa5ba333d9354e4e431dffdf95') in 0.001218 seconds
Number of updated asset objects reloaded before import = 0
Number of asset objects unloaded after import = 2
========================================================================
Received Import Request.
  Time since last request: 0.000011 seconds.
  path: Assets/RailwayTiles_38.asset
  artifactKey: Guid(4d393cf232d91f749a1f27ab069166d4) Importer(815301076,1909f56bfc062723c751e8b465ee728b)
Start importing Assets/RailwayTiles_38.asset using Guid(4d393cf232d91f749a1f27ab069166d4) Importer(815301076,1909f56bfc062723c751e8b465ee728b)  -> (artifact id: 'b1c990ee622b872d1bb41f4bc669a988') in 0.001397 seconds
Number of updated asset objects reloaded before import = 0
Number of asset objects unloaded after import = 2
========================================================================
Received Import Request.
  Time since last request: 0.000011 seconds.
  path: Assets/RailwayTiles_30.asset
  artifactKey: Guid(ad2bd0a89f867dc47a342e7980179c47) Importer(815301076,1909f56bfc062723c751e8b465ee728b)
Start importing Assets/RailwayTiles_30.asset using Guid(ad2bd0a89f867dc47a342e7980179c47) Importer(815301076,1909f56bfc062723c751e8b465ee728b)  -> (artifact id: '6ad15199a7f9974dd5e4638348fedb18') in 0.002151 seconds
Number of updated asset objects reloaded before import = 0
Number of asset objects unloaded after import = 2
========================================================================
Received Import Request.
  Time since last request: 0.000013 seconds.
  path: Assets/RailwayTiles_26.asset
  artifactKey: Guid(adcae64ee24c4574b8a1e7f9c8d2ed65) Importer(815301076,1909f56bfc062723c751e8b465ee728b)
Start importing Assets/RailwayTiles_26.asset using Guid(adcae64ee24c4574b8a1e7f9c8d2ed65) Importer(815301076,1909f56bfc062723c751e8b465ee728b)  -> (artifact id: 'f05e3ef1108dcd476dd2e830ffa5344c') in 0.001518 seconds
Number of updated asset objects reloaded before import = 0
Number of asset objects unloaded after import = 2
========================================================================
Received Import Request.
  Time since last request: 0.000017 seconds.
  path: Assets/RailwayTiles_17.asset
  artifactKey: Guid(6bd9c391099d86244bad6845b9d767d3) Importer(815301076,1909f56bfc062723c751e8b465ee728b)
Start importing Assets/RailwayTiles_17.asset using Guid(6bd9c391099d86244bad6845b9d767d3) Importer(815301076,1909f56bfc062723c751e8b465ee728b)  -> (artifact id: '32d627c2a525e846c3fe70efdbff0a73') in 0.001507 seconds
Number of updated asset objects reloaded before import = 0
Number of asset objects unloaded after import = 2
========================================================================
Received Import Request.
  Time since last request: 0.000012 seconds.
  path: Assets/RailwayTiles_28.asset
  artifactKey: Guid(ae21851338e21f04db544c07ef6268e6) Importer(815301076,1909f56bfc062723c751e8b465ee728b)
Start importing Assets/RailwayTiles_28.asset using Guid(ae21851338e21f04db544c07ef6268e6) Importer(815301076,1909f56bfc062723c751e8b465ee728b)  -> (artifact id: 'b15f8aac7161a43a4de4cc91d082a3f7') in 0.001465 seconds
Number of updated asset objects reloaded before import = 0
Number of asset objects unloaded after import = 2
========================================================================
Received Import Request.
  Time since last request: 0.000010 seconds.
  path: Assets/RailwayTiles_15.asset
  artifactKey: Guid(0609086e4266beb46ae39afba3bd01de) Importer(815301076,1909f56bfc062723c751e8b465ee728b)
Start importing Assets/RailwayTiles_15.asset using Guid(0609086e4266beb46ae39afba3bd01de) Importer(815301076,1909f56bfc062723c751e8b465ee728b)  -> (artifact id: '2f35ca510bac37f11a8786657d1fdbad') in 0.001322 seconds
Number of updated asset objects reloaded before import = 0
Number of asset objects unloaded after import = 2
========================================================================
Received Import Request.
  Time since last request: 0.000016 seconds.
  path: Assets/RailwayTiles_21.asset
  artifactKey: Guid(29ad3b7759dab0842abf127d8c141e32) Importer(815301076,1909f56bfc062723c751e8b465ee728b)
Start importing Assets/RailwayTiles_21.asset using Guid(29ad3b7759dab0842abf127d8c141e32) Importer(815301076,1909f56bfc062723c751e8b465ee728b)  -> (artifact id: '16a533b61447cfa89ad5e3a5c32936b5') in 0.001484 seconds
Number of updated asset objects reloaded before import = 0
Number of asset objects unloaded after import = 2
========================================================================
Received Import Request.
  Time since last request: 8.328126 seconds.
  path: Assets/RailwayTiles_41.asset
  artifactKey: Guid(71eaddd0e33bec145acfea036c29362e) Importer(815301076,1909f56bfc062723c751e8b465ee728b)
Start importing Assets/RailwayTiles_41.asset using Guid(71eaddd0e33bec145acfea036c29362e) Importer(815301076,1909f56bfc062723c751e8b465ee728b)  -> (artifact id: 'bb0bff2ae29d019efbda23ac7479914c') in 0.002328 seconds
Number of updated asset objects reloaded before import = 0
Number of asset objects unloaded after import = 2
========================================================================
Received Import Request.
  Time since last request: 0.000015 seconds.
  path: Assets/RailwayTiles_48.asset
  artifactKey: Guid(eeab8ba4924366d46966f577703f79dc) Importer(815301076,1909f56bfc062723c751e8b465ee728b)
Start importing Assets/RailwayTiles_48.asset using Guid(eeab8ba4924366d46966f577703f79dc) Importer(815301076,1909f56bfc062723c751e8b465ee728b)  -> (artifact id: 'debad3c98c5ae2bd94411387f8d35c15') in 0.002274 seconds
Number of updated asset objects reloaded before import = 0
Number of asset objects unloaded after import = 2
========================================================================
Received Import Request.
  Time since last request: 0.000018 seconds.
  path: Assets/RailwayTiles_45.asset
  artifactKey: Guid(36417e77ed8dc154fb2d9b6b2dff6d0a) Importer(815301076,1909f56bfc062723c751e8b465ee728b)
Start importing Assets/RailwayTiles_45.asset using Guid(36417e77ed8dc154fb2d9b6b2dff6d0a) Importer(815301076,1909f56bfc062723c751e8b465ee728b)  -> (artifact id: 'b11b40269dccb395e03d7398e25df681') in 0.001800 seconds
Number of updated asset objects reloaded before import = 0
Number of asset objects unloaded after import = 2
Editor requested this worker to shutdown with reason: Scaling down because of idle timeout
TcpMessagingSession - receive error
AssetImportWorkerClient::OnTransportError - code=2 error=End of file
AssetImportWorker is now disconnected from the server
Process exiting
Exiting without the bug reporter. Application will terminate with return code 0