Using pre-set license
Built from '2022.3/staging' branch; Version is '2022.3.7f1 (b16b3b16c7a0) revision 11627323'; Using compiler version '192829333'; Build Type 'Release'
OS: 'Windows 11  (10.0.22621) 64bit Professional' Language: 'en' Physical Memory: 32714 MB
BatchMode: 1, IsHumanControllingUs: 0, StartBugReporterOnCrash: 0, Is64bit: 1, IsPro: 1

COMMAND LINE ARGUMENTS:
C:\Program Files\Unity\Hub\Editor\2022.3.7f1\Editor\Unity.exe
-adb2
-batchMode
-noUpm
-name
AssetImportWorker2
-projectPath
C:/LocalUnityProjects/GitHub/Ambition/Ambition
-logFile
Logs/AssetImportWorker2.log
-srvPort
57353
Successfully changed project path to: C:/LocalUnityProjects/GitHub/Ambition/Ambition
C:/LocalUnityProjects/GitHub/Ambition/Ambition
[UnityMemory] Configuration Parameters - Can be set up in boot.config
    "memorysetup-bucket-allocator-granularity=16"
    "memorysetup-bucket-allocator-bucket-count=8"
    "memorysetup-bucket-allocator-block-size=33554432"
    "memorysetup-bucket-allocator-block-count=8"
    "memorysetup-main-allocator-block-size=16777216"
    "memorysetup-thread-allocator-block-size=16777216"
    "memorysetup-gfx-main-allocator-block-size=16777216"
    "memorysetup-gfx-thread-allocator-block-size=16777216"
    "memorysetup-cache-allocator-block-size=4194304"
    "memorysetup-typetree-allocator-block-size=2097152"
    "memorysetup-profiler-bucket-allocator-granularity=16"
    "memorysetup-profiler-bucket-allocator-bucket-count=8"
    "memorysetup-profiler-bucket-allocator-block-size=33554432"
    "memorysetup-profiler-bucket-allocator-block-count=8"
    "memorysetup-profiler-allocator-block-size=16777216"
    "memorysetup-profiler-editor-allocator-block-size=1048576"
    "memorysetup-temp-allocator-size-main=16777216"
    "memorysetup-job-temp-allocator-block-size=2097152"
    "memorysetup-job-temp-allocator-block-size-background=1048576"
    "memorysetup-job-temp-allocator-reduction-small-platforms=262144"
    "memorysetup-allocator-temp-initial-block-size-main=262144"
    "memorysetup-allocator-temp-initial-block-size-worker=262144"
    "memorysetup-temp-allocator-size-background-worker=32768"
    "memorysetup-temp-allocator-size-job-worker=262144"
    "memorysetup-temp-allocator-size-preload-manager=33554432"
    "memorysetup-temp-allocator-size-nav-mesh-worker=65536"
    "memorysetup-temp-allocator-size-audio-worker=65536"
    "memorysetup-temp-allocator-size-cloud-worker=32768"
    "memorysetup-temp-allocator-size-gi-baking-worker=262144"
    "memorysetup-temp-allocator-size-gfx=262144"
Player connection [17700] Host "[IP] 192.168.0.10 [Port] 0 [Flags] 2 [Guid] 1734262647 [EditorId] 1734262647 [Version] 1048832 [Id] WindowsEditor(7,RoccosGamingPC) [Debug] 1 [PackageName] WindowsEditor [ProjectName] Editor" joined multi-casting on [225.0.0.222:54997]...

Player connection [17700] Host "[IP] 192.168.0.10 [Port] 0 [Flags] 2 [Guid] 1734262647 [EditorId] 1734262647 [Version] 1048832 [Id] WindowsEditor(7,RoccosGamingPC) [Debug] 1 [PackageName] WindowsEditor [ProjectName] Editor" joined alternative multi-casting on [225.0.0.222:34997]...

Refreshing native plugins compatible for Editor in 25.26 ms, found 4 plugins.
Preloading 0 native plugins for Editor in 0.00 ms.
Initialize engine version: 2022.3.7f1 (b16b3b16c7a0)
[Subsystems] Discovering subsystems at path C:/Program Files/Unity/Hub/Editor/2022.3.7f1/Editor/Data/Resources/UnitySubsystems
[Subsystems] Discovering subsystems at path C:/LocalUnityProjects/GitHub/Ambition/Ambition/Assets
GfxDevice: creating device client; threaded=0; jobified=0
Direct3D:
    Version:  Direct3D 11.0 [level 11.1]
    Renderer: NVIDIA GeForce RTX 3070 (ID=0x2484)
    Vendor:   NVIDIA
    VRAM:     8032 MB
    Driver:   31.0.15.2802
Initialize mono
Mono path[0] = 'C:/Program Files/Unity/Hub/Editor/2022.3.7f1/Editor/Data/Managed'
Mono path[1] = 'C:/Program Files/Unity/Hub/Editor/2022.3.7f1/Editor/Data/MonoBleedingEdge/lib/mono/unityjit-win32'
Mono config path = 'C:/Program Files/Unity/Hub/Editor/2022.3.7f1/Editor/Data/MonoBleedingEdge/etc'
Using monoOptions --debugger-agent=transport=dt_socket,embedding=1,server=y,suspend=n,address=127.0.0.1:56608
Begin MonoManager ReloadAssembly
Registering precompiled unity dll's ...
Register platform support module: C:/Program Files/Unity/Hub/Editor/2022.3.7f1/Editor/Data/PlaybackEngines/WindowsStandaloneSupport/UnityEditor.WindowsStandalone.Extensions.dll
Registered in 0.010053 seconds.
- Loaded All Assemblies, in  0.405 seconds
Native extension for WindowsStandalone target not found
Mono: successfully reloaded assembly
- Finished resetting the current domain, in  0.305 seconds
Domain Reload Profiling: 709ms
	BeginReloadAssembly (130ms)
		ExecutionOrderSort (0ms)
		DisableScriptedObjects (0ms)
		BackupInstance (0ms)
		ReleaseScriptingObjects (0ms)
		CreateAndSetChildDomain (1ms)
	RebuildCommonClasses (41ms)
	RebuildNativeTypeToScriptingClass (13ms)
	initialDomainReloadingComplete (67ms)
	LoadAllAssembliesAndSetupDomain (152ms)
		LoadAssemblies (128ms)
		RebuildTransferFunctionScriptingTraits (0ms)
		AnalyzeDomain (150ms)
			TypeCache.Refresh (148ms)
				TypeCache.ScanAssembly (134ms)
			ScanForSourceGeneratedMonoScriptInfo (1ms)
			ResolveRequiredComponents (0ms)
	FinalizeReload (306ms)
		ReleaseScriptCaches (0ms)
		RebuildScriptCaches (0ms)
		SetupLoadedEditorAssemblies (233ms)
			LogAssemblyErrors (0ms)
			InitializePlatformSupportModulesInManaged (11ms)
			SetLoadedEditorAssemblies (8ms)
			RefreshPlugins (0ms)
			BeforeProcessingInitializeOnLoad (2ms)
			ProcessInitializeOnLoadAttributes (159ms)
			ProcessInitializeOnLoadMethodAttributes (53ms)
			AfterProcessingInitializeOnLoad (0ms)
			EditorAssembliesLoaded (0ms)
		ExecutionOrderSort2 (0ms)
		AwakeInstancesAfterBackupRestoration (0ms)
========================================================================
Worker process is ready to serve import requests
Begin MonoManager ReloadAssembly
Symbol file LoadedFromMemory doesn't match image C:\LocalUnityProjects\GitHub\Ambition\Ambition\Library\PackageCache\com.unity.visualscripting@1.8.0\Editor\VisualScripting.Core\Dependencies\YamlDotNet\Unity.VisualScripting.YamlDotNet.dll
Symbol file LoadedFromMemory doesn't match image C:\LocalUnityProjects\GitHub\Ambition\Ambition\Library\PackageCache\com.unity.visualscripting@1.8.0\Editor\VisualScripting.Core\Dependencies\DotNetZip\Unity.VisualScripting.IonicZip.dll
Symbol file LoadedFromMemory is not a mono symbol file
- Loaded All Assemblies, in  0.968 seconds
Refreshing native plugins compatible for Editor in 9.45 ms, found 4 plugins.
Native extension for WindowsStandalone target not found
Mono: successfully reloaded assembly
- Finished resetting the current domain, in  1.231 seconds
Domain Reload Profiling: 2193ms
	BeginReloadAssembly (157ms)
		ExecutionOrderSort (0ms)
		DisableScriptedObjects (5ms)
		BackupInstance (0ms)
		ReleaseScriptingObjects (0ms)
		CreateAndSetChildDomain (22ms)
	RebuildCommonClasses (35ms)
	RebuildNativeTypeToScriptingClass (12ms)
	initialDomainReloadingComplete (55ms)
	LoadAllAssembliesAndSetupDomain (703ms)
		LoadAssemblies (433ms)
		RebuildTransferFunctionScriptingTraits (0ms)
		AnalyzeDomain (363ms)
			TypeCache.Refresh (305ms)
				TypeCache.ScanAssembly (270ms)
			ScanForSourceGeneratedMonoScriptInfo (42ms)
			ResolveRequiredComponents (14ms)
	FinalizeReload (1232ms)
		ReleaseScriptCaches (0ms)
		RebuildScriptCaches (0ms)
		SetupLoadedEditorAssemblies (1031ms)
			LogAssemblyErrors (0ms)
			InitializePlatformSupportModulesInManaged (8ms)
			SetLoadedEditorAssemblies (6ms)
			RefreshPlugins (0ms)
			BeforeProcessingInitializeOnLoad (90ms)
			ProcessInitializeOnLoadAttributes (838ms)
			ProcessInitializeOnLoadMethodAttributes (80ms)
			AfterProcessingInitializeOnLoad (9ms)
			EditorAssembliesLoaded (0ms)
		ExecutionOrderSort2 (0ms)
		AwakeInstancesAfterBackupRestoration (8ms)
Launched and connected shader compiler UnityShaderCompiler.exe after 0.06 seconds
Refreshing native plugins compatible for Editor in 11.92 ms, found 4 plugins.
Preloading 0 native plugins for Editor in 0.00 ms.
Unloading 6310 Unused Serialized files (Serialized files now loaded: 0)
Unloading 122 unused Assets / (0.6 MB). Loaded Objects now: 6760.
Memory consumption went from 240.7 MB to 240.1 MB.
Total: 6.192900 ms (FindLiveObjects: 0.637500 ms CreateObjectMapping: 0.604900 ms MarkObjects: 4.637400 ms  DeleteObjects: 0.312100 ms)

AssetImportParameters requested are different than current active one (requested -> active):
  custom:container-demuxer-ogg: 62fdf1f143b41e24485cea50d1cbac27 -> 
  custom:video-decoder-ogg-theora: a1e56fd34408186e4bbccfd4996cb3dc -> 
  custom:framework-win-MediaFoundation: 216162199b28c13a410421893ffa2e32 -> 
  custom:CustomObjectIndexerAttribute: a3ef5dd2817f97addfee359851a9dba5 -> 
  custom:container-demuxer-webm: 4f35f7cbe854078d1ac9338744f61a02 -> 
  custom:container-muxer-webm: aa71ff27fc2769a1b78a27578f13a17b -> 
  custom:video-decoder-webm-vp8: 9c59270c3fd7afecdb556c50c9e8de78 -> 
  custom:SearchIndexIgnoredProperties: e643bd26f0fe6173181afceb89e7c659 -> 
  custom:AudioImporter_EditorPlatform: d09bf68614088b80899f8185d706f6e7 -> 
  custom:video-encoder-webm-vp8: eb34c28f22e8b96e1ab97ce403110664 -> 
  custom:audio-decoder-ogg-vorbis: bf7c407c2cedff20999df2af8eb42d56 -> 
  custom:audio-encoder-webm-vorbis: bf7c407c2cedff20999df2af8eb42d56 -> 
========================================================================
Received Import Request.
  Time since last request: 263202.836870 seconds.
  path: Assets/Sprites/Tilemaps/RailwayTiles.png
  artifactKey: Guid(7a88618de4ca0f54e971db59aaa92f1c) Importer(815301076,1909f56bfc062723c751e8b465ee728b)
Start importing Assets/Sprites/Tilemaps/RailwayTiles.png using Guid(7a88618de4ca0f54e971db59aaa92f1c) Importer(815301076,1909f56bfc062723c751e8b465ee728b)  -> (artifact id: 'd4a805d8de56763d3f78d469c81c7eb4') in 0.013899 seconds
Number of updated asset objects reloaded before import = 0
Number of asset objects unloaded after import = 1
========================================================================
Received Import Request.
  Time since last request: 21.410885 seconds.
  path: Assets/Sprites/Tilemaps/RailwayTiles.png
  artifactKey: Guid(7a88618de4ca0f54e971db59aaa92f1c) Importer(815301076,1909f56bfc062723c751e8b465ee728b)
Start importing Assets/Sprites/Tilemaps/RailwayTiles.png using Guid(7a88618de4ca0f54e971db59aaa92f1c) Importer(815301076,1909f56bfc062723c751e8b465ee728b)  -> (artifact id: '294fac0ca31a9e94c02cffef9f840535') in 0.008051 seconds
Number of updated asset objects reloaded before import = 0
Number of asset objects unloaded after import = 50
========================================================================
Received Import Request.
  Time since last request: 6.986779 seconds.
  path: Assets/RailwayTiles_0.asset
  artifactKey: Guid(cd28db3bada7b6149b141f2c1212c771) Importer(815301076,1909f56bfc062723c751e8b465ee728b)
Start importing Assets/RailwayTiles_0.asset using Guid(cd28db3bada7b6149b141f2c1212c771) Importer(815301076,1909f56bfc062723c751e8b465ee728b)  -> (artifact id: 'd7b9cbebe03a32e73fa21d9e3c094d5f') in 0.004283 seconds
Number of updated asset objects reloaded before import = 0
Number of asset objects unloaded after import = 2
========================================================================
Received Import Request.
  Time since last request: 0.009888 seconds.
  path: Assets/RailwayTiles_5.asset
  artifactKey: Guid(3838a2c85a1adcb449e9ce8204c0e7da) Importer(815301076,1909f56bfc062723c751e8b465ee728b)
Start importing Assets/RailwayTiles_5.asset using Guid(3838a2c85a1adcb449e9ce8204c0e7da) Importer(815301076,1909f56bfc062723c751e8b465ee728b)  -> (artifact id: '20627f6c3a8b938c7584614258bb78a9') in 0.002016 seconds
Number of updated asset objects reloaded before import = 0
Number of asset objects unloaded after import = 2
========================================================================
Received Import Request.
  Time since last request: 0.000017 seconds.
  path: Assets/RailwayTiles_7.asset
  artifactKey: Guid(e35ede9e30ead3d4fa2acceb5cf3c3f2) Importer(815301076,1909f56bfc062723c751e8b465ee728b)
Start importing Assets/RailwayTiles_7.asset using Guid(e35ede9e30ead3d4fa2acceb5cf3c3f2) Importer(815301076,1909f56bfc062723c751e8b465ee728b)  -> (artifact id: '5afef39970968b8204eeee901a460b3b') in 0.002125 seconds
Number of updated asset objects reloaded before import = 0
Number of asset objects unloaded after import = 2
========================================================================
Received Import Request.
  Time since last request: 0.000023 seconds.
  path: Assets/RailwayTiles_29.asset
  artifactKey: Guid(163d0d34ff1be7844a529868d548d84f) Importer(815301076,1909f56bfc062723c751e8b465ee728b)
Start importing Assets/RailwayTiles_29.asset using Guid(163d0d34ff1be7844a529868d548d84f) Importer(815301076,1909f56bfc062723c751e8b465ee728b)  -> (artifact id: 'd40114d560d23cbea8b71d0a12b99803') in 0.001752 seconds
Number of updated asset objects reloaded before import = 0
Number of asset objects unloaded after import = 2
========================================================================
Received Import Request.
  Time since last request: 0.000164 seconds.
  path: Assets/RailwayTiles_19.asset
  artifactKey: Guid(ea251f77c65063744a268154de26207d) Importer(815301076,1909f56bfc062723c751e8b465ee728b)
Start importing Assets/RailwayTiles_19.asset using Guid(ea251f77c65063744a268154de26207d) Importer(815301076,1909f56bfc062723c751e8b465ee728b)  -> (artifact id: 'f0f07063c9f573b701a0ea2b251c3897') in 0.001778 seconds
Number of updated asset objects reloaded before import = 0
Number of asset objects unloaded after import = 2
========================================================================
Received Import Request.
  Time since last request: 0.000025 seconds.
  path: Assets/RailwayTiles_22.asset
  artifactKey: Guid(6cb870a064a8e97498c69fbc9abb64a1) Importer(815301076,1909f56bfc062723c751e8b465ee728b)
Start importing Assets/RailwayTiles_22.asset using Guid(6cb870a064a8e97498c69fbc9abb64a1) Importer(815301076,1909f56bfc062723c751e8b465ee728b)  -> (artifact id: '2c4adabdee8b4be33342466f97424c23') in 0.001786 seconds
Number of updated asset objects reloaded before import = 0
Number of asset objects unloaded after import = 2
========================================================================
Received Import Request.
  Time since last request: 0.000015 seconds.
  path: Assets/RailwayTiles_11.asset
  artifactKey: Guid(bd6ef18a5b5c96e418d6106cdfbe33b6) Importer(815301076,1909f56bfc062723c751e8b465ee728b)
Start importing Assets/RailwayTiles_11.asset using Guid(bd6ef18a5b5c96e418d6106cdfbe33b6) Importer(815301076,1909f56bfc062723c751e8b465ee728b)  -> (artifact id: 'daabe7dd2c51f1f37c86a116cfe290f8') in 0.001393 seconds
Number of updated asset objects reloaded before import = 0
Number of asset objects unloaded after import = 2
========================================================================
Received Import Request.
  Time since last request: 0.000012 seconds.
  path: Assets/RailwayTiles_13.asset
  artifactKey: Guid(ad1162a75d920164a84677f644e1ee10) Importer(815301076,1909f56bfc062723c751e8b465ee728b)
Start importing Assets/RailwayTiles_13.asset using Guid(ad1162a75d920164a84677f644e1ee10) Importer(815301076,1909f56bfc062723c751e8b465ee728b)  -> (artifact id: 'c22b2c497e549c3aa9ed261d8cd63e98') in 0.001564 seconds
Number of updated asset objects reloaded before import = 0
Number of asset objects unloaded after import = 2
========================================================================
Received Import Request.
  Time since last request: 0.000012 seconds.
  path: Assets/RailwayTiles_37.asset
  artifactKey: Guid(2abfd9b781900e54f87deed88daf7c26) Importer(815301076,1909f56bfc062723c751e8b465ee728b)
Start importing Assets/RailwayTiles_37.asset using Guid(2abfd9b781900e54f87deed88daf7c26) Importer(815301076,1909f56bfc062723c751e8b465ee728b)  -> (artifact id: '0f71f83c1c7b3f37c29f3db9e1b8dc8f') in 0.002106 seconds
Number of updated asset objects reloaded before import = 0
Number of asset objects unloaded after import = 2
========================================================================
Received Import Request.
  Time since last request: 0.000022 seconds.
  path: Assets/RailwayTiles_35.asset
  artifactKey: Guid(8384d528e6b8e794db0db403028d920d) Importer(815301076,1909f56bfc062723c751e8b465ee728b)
Start importing Assets/RailwayTiles_35.asset using Guid(8384d528e6b8e794db0db403028d920d) Importer(815301076,1909f56bfc062723c751e8b465ee728b)  -> (artifact id: '46999510fd35f908eb93d37f88ad5ab0') in 0.001404 seconds
Number of updated asset objects reloaded before import = 0
Number of asset objects unloaded after import = 2
========================================================================
Received Import Request.
  Time since last request: 0.000014 seconds.
  path: Assets/RailwayTiles_12.asset
  artifactKey: Guid(4846e905dd5593c4986cef438b4020ae) Importer(815301076,1909f56bfc062723c751e8b465ee728b)
Start importing Assets/RailwayTiles_12.asset using Guid(4846e905dd5593c4986cef438b4020ae) Importer(815301076,1909f56bfc062723c751e8b465ee728b)  -> (artifact id: '9bee8034fb58ba18ae1c9806258ebebf') in 0.001509 seconds
Number of updated asset objects reloaded before import = 0
Number of asset objects unloaded after import = 2
========================================================================
Received Import Request.
  Time since last request: 0.000016 seconds.
  path: Assets/RailwayTiles_3.asset
  artifactKey: Guid(678442da0ad77ed44b37f94de2cd7f57) Importer(815301076,1909f56bfc062723c751e8b465ee728b)
Start importing Assets/RailwayTiles_3.asset using Guid(678442da0ad77ed44b37f94de2cd7f57) Importer(815301076,1909f56bfc062723c751e8b465ee728b)  -> (artifact id: '26f38645c4b1c5f867f23087cb42a9eb') in 0.001462 seconds
Number of updated asset objects reloaded before import = 0
Number of asset objects unloaded after import = 2
========================================================================
Received Import Request.
  Time since last request: 0.000013 seconds.
  path: Assets/RailwayTiles_9.asset
  artifactKey: Guid(fbee592b6ddf6ec46905b283339d8a10) Importer(815301076,1909f56bfc062723c751e8b465ee728b)
Start importing Assets/RailwayTiles_9.asset using Guid(fbee592b6ddf6ec46905b283339d8a10) Importer(815301076,1909f56bfc062723c751e8b465ee728b)  -> (artifact id: 'ac3d1f8a6800bc9c1d47f6be97ea0a03') in 0.001296 seconds
Number of updated asset objects reloaded before import = 0
Number of asset objects unloaded after import = 2
========================================================================
Received Import Request.
  Time since last request: 0.000012 seconds.
  path: Assets/RailwayTiles_14.asset
  artifactKey: Guid(b88adf3ed9ac9eb4f8b295dea9226e27) Importer(815301076,1909f56bfc062723c751e8b465ee728b)
Start importing Assets/RailwayTiles_14.asset using Guid(b88adf3ed9ac9eb4f8b295dea9226e27) Importer(815301076,1909f56bfc062723c751e8b465ee728b)  -> (artifact id: 'a0965feaaaedb1f5bc48749dae26b89e') in 0.001380 seconds
Number of updated asset objects reloaded before import = 0
Number of asset objects unloaded after import = 2
========================================================================
Received Import Request.
  Time since last request: 0.000010 seconds.
  path: Assets/RailwayTiles_31.asset
  artifactKey: Guid(c9499c81b9454f845af03fc4700748e3) Importer(815301076,1909f56bfc062723c751e8b465ee728b)
Start importing Assets/RailwayTiles_31.asset using Guid(c9499c81b9454f845af03fc4700748e3) Importer(815301076,1909f56bfc062723c751e8b465ee728b)  -> (artifact id: '515301b44b2272d27a0f407a8860f62e') in 0.001634 seconds
Number of updated asset objects reloaded before import = 0
Number of asset objects unloaded after import = 2
========================================================================
Received Import Request.
  Time since last request: 0.000020 seconds.
  path: Assets/RailwayTiles_10.asset
  artifactKey: Guid(c49044585ba76b641a7e743a14c8b6a2) Importer(815301076,1909f56bfc062723c751e8b465ee728b)
Start importing Assets/RailwayTiles_10.asset using Guid(c49044585ba76b641a7e743a14c8b6a2) Importer(815301076,1909f56bfc062723c751e8b465ee728b)  -> (artifact id: '2f84d87fc1b2aefd2dd6c182ff721eac') in 0.002062 seconds
Number of updated asset objects reloaded before import = 0
Number of asset objects unloaded after import = 2
========================================================================
Received Import Request.
  Time since last request: 0.000015 seconds.
  path: Assets/RailwayTiles_36.asset
  artifactKey: Guid(80a664b2b39802748a734dfdfa15f052) Importer(815301076,1909f56bfc062723c751e8b465ee728b)
Start importing Assets/RailwayTiles_36.asset using Guid(80a664b2b39802748a734dfdfa15f052) Importer(815301076,1909f56bfc062723c751e8b465ee728b)  -> (artifact id: '0a79ee0a678a7a7cc9b11d1dccaa9942') in 0.001818 seconds
Number of updated asset objects reloaded before import = 0
Number of asset objects unloaded after import = 2
========================================================================
Received Import Request.
  Time since last request: 0.000019 seconds.
  path: Assets/RailwayTiles_2.asset
  artifactKey: Guid(36d14b85f5044bd449eb40670de58230) Importer(815301076,1909f56bfc062723c751e8b465ee728b)
Start importing Assets/RailwayTiles_2.asset using Guid(36d14b85f5044bd449eb40670de58230) Importer(815301076,1909f56bfc062723c751e8b465ee728b)  -> (artifact id: '7371d134e8801506a8a437629c5c4bfa') in 0.001582 seconds
Number of updated asset objects reloaded before import = 0
Number of asset objects unloaded after import = 2
========================================================================
Received Import Request.
  Time since last request: 0.000017 seconds.
  path: Assets/RailwayTiles_16.asset
  artifactKey: Guid(e97390343fef9d445aaf88ddbd09abd1) Importer(815301076,1909f56bfc062723c751e8b465ee728b)
Start importing Assets/RailwayTiles_16.asset using Guid(e97390343fef9d445aaf88ddbd09abd1) Importer(815301076,1909f56bfc062723c751e8b465ee728b)  -> (artifact id: 'b8a4bde5002bc020e6bf75c1ec89f9bc') in 0.001541 seconds
Number of updated asset objects reloaded before import = 0
Number of asset objects unloaded after import = 2
========================================================================
Received Import Request.
  Time since last request: 8.329918 seconds.
  path: Assets/RailwayTiles_40.asset
  artifactKey: Guid(e4eaa36a50c094d469c55d2b8bf9dd1b) Importer(815301076,1909f56bfc062723c751e8b465ee728b)
Start importing Assets/RailwayTiles_40.asset using Guid(e4eaa36a50c094d469c55d2b8bf9dd1b) Importer(815301076,1909f56bfc062723c751e8b465ee728b)  -> (artifact id: '596282c55d17f7683170f1f8d93680c8') in 0.001667 seconds
Number of updated asset objects reloaded before import = 0
Number of asset objects unloaded after import = 2
========================================================================
Received Import Request.
  Time since last request: 0.000018 seconds.
  path: Assets/RailwayTiles_47.asset
  artifactKey: Guid(627f4c8c1bcfb9f47b1fbb50211c8779) Importer(815301076,1909f56bfc062723c751e8b465ee728b)
Start importing Assets/RailwayTiles_47.asset using Guid(627f4c8c1bcfb9f47b1fbb50211c8779) Importer(815301076,1909f56bfc062723c751e8b465ee728b)  -> (artifact id: '824d665be6fe6fb51d19b0e7e1a21f29') in 0.001527 seconds
Number of updated asset objects reloaded before import = 0
Number of asset objects unloaded after import = 2
========================================================================
Received Import Request.
  Time since last request: 0.000024 seconds.
  path: Assets/RailwayTiles_46.asset
  artifactKey: Guid(66fc973bbfa418f49a926866b174fa75) Importer(815301076,1909f56bfc062723c751e8b465ee728b)
Start importing Assets/RailwayTiles_46.asset using Guid(66fc973bbfa418f49a926866b174fa75) Importer(815301076,1909f56bfc062723c751e8b465ee728b)  -> (artifact id: '86a61cafb744da04d23ad26915ed39c1') in 0.002049 seconds
Number of updated asset objects reloaded before import = 0
Number of asset objects unloaded after import = 2
Editor requested this worker to shutdown with reason: Scaling down because of idle timeout
TcpMessagingSession - receive error: operation aborted. errorcode: 995, details: The I/O operation has been aborted because of either a thread exit or an application request.
AssetImportWorker is now disconnected from the server
Process exiting
Exiting without the bug reporter. Application will terminate with return code 0